<?xml version="1.0" encoding="UTF-8"?>
<testsuite name="com.rcq.rcqauth.config.WebSecurityConfigTest" tests="1" skipped="0" failures="0" errors="0" timestamp="2023-07-31T06:13:18" hostname="guneegunees-MacBook-Air.local" time="0.115">
  <properties/>
  <testcase name="패스워드 암호화 테스트" classname="com.rcq.rcqauth.config.WebSecurityConfigTest" time="0.115"/>
  <system-out><![CDATA[]]></system-out>
  <system-err><![CDATA[]]></system-err>
</testsuite>
